<?xml version="1.0" encoding="UTF-8"?>
<!-- Generated by org.testng.reporters.JUnitReportReporter -->
<testsuite skipped="0" hostname="ManjuChoi-PC" name="script.InvalidLogin" tests="1" failures="0" timestamp="18 Mar 2018 14:01:32 GMT" time="34.202" errors="0">
  <testcase name="testbInvalidLogin" time="34.202" classname="script.InvalidLogin"/>
</testsuite> <!-- script.InvalidLogin -->
