<?xml version="1.0" encoding="UTF-8"?>
<!-- Generated by org.testng.reporters.JUnitReportReporter -->
<testsuite skipped="0" hostname="ManjuChoi-PC" name="script.CheckValidLogin" tests="1" failures="0" timestamp="18 Mar 2018 14:01:32 GMT" time="23.341" errors="0">
  <testcase name="testValidLogin" time="23.341" classname="script.CheckValidLogin"/>
</testsuite> <!-- script.CheckValidLogin -->
